<?xml version="1.0" encoding="UTF-8"?>
<!-- Generated by org.testng.reporters.JUnitReportReporter -->
<testsuite skipped="0" hostname="MPRS-AUTO-104" name="com.ipledge.qa.FRPRegistration.Test.FRPRegistrationTest" tests="1" failures="0" timestamp="07 Aug 2018 09:11:34 GMT" time="63.146" errors="0">
  <testcase name="RegistrationFRPTest" time="63.146" classname="com.ipledge.qa.FRPRegistration.Test.FRPRegistrationTest"/>
</testsuite> <!-- com.ipledge.qa.FRPRegistration.Test.FRPRegistrationTest -->
