<?xml version="1.0" encoding="UTF-8"?>
<!-- Generated by org.testng.reporters.JUnitReportReporter -->
<testsuite skipped="0" hostname="MPRS-AUTO-104" name="com.ipledge.qa.FNRPRegistration.Test.FNRPRegistrationTest" tests="1" failures="0" timestamp="07 Aug 2018 09:48:08 GMT" time="85.232" errors="0">
  <testcase name="RegistrationFRPTest" time="85.232" classname="com.ipledge.qa.FNRPRegistration.Test.FNRPRegistrationTest"/>
</testsuite> <!-- com.ipledge.qa.FNRPRegistration.Test.FNRPRegistrationTest -->
