<?xml version="1.0" encoding="UTF-8"?>
<!-- Generated by org.testng.reporters.JUnitReportReporter -->
<testsuite skipped="0" hostname="MPRS-AUTO-104" name="com.ipledge.qa.MaleRegistration.Test.MaleRegistrationTest" tests="1" failures="0" timestamp="07 Aug 2018 09:58:15 GMT" time="64.407" errors="0">
  <testcase name="RegistrationFRPTest" time="64.407" classname="com.ipledge.qa.MaleRegistration.Test.MaleRegistrationTest"/>
</testsuite> <!-- com.ipledge.qa.MaleRegistration.Test.MaleRegistrationTest -->
